<?xml version="1.0" encoding="UTF-8"?>
<testng-results skipped="0" failed="0" ignored="0" total="1" passed="1">
  <reporter-output>
  </reporter-output>
  <suite name="Default suite" duration-ms="9775" started-at="2019-12-27T11:16:38Z" finished-at="2019-12-27T11:16:48Z">
    <groups>
    </groups>
    <test name="Default test" duration-ms="9775" started-at="2019-12-27T11:16:38Z" finished-at="2019-12-27T11:16:48Z">
      <class name="testCases.ExecuteTest_Local">
        <test-method status="PASS" signature="testLogin()[pri:0, instance:testCases.ExecuteTest_Local@3ee37e5a]" name="testLogin" duration-ms="9719" started-at="2019-12-27T16:46:38Z" finished-at="2019-12-27T16:46:48Z">
          <reporter-output>
          </reporter-output>
        </test-method> <!-- testLogin -->
      </class> <!-- testCases.ExecuteTest_Local -->
    </test> <!-- Default test -->
  </suite> <!-- Default suite -->
</testng-results>
